<?xml version="1.0" encoding="UTF-8"?>
<testsuite xmlns:xsi="http://www.w3.org/2001/XMLSchema-instance" xsi:noNamespaceSchemaLocation="https://maven.apache.org/surefire/maven-surefire-plugin/xsd/surefire-test-report-3.0.xsd" version="3.0" name="com.RentaKar.rentakar.RentakarApplicationTests" time="1.913" tests="1" errors="0" skipped="0" failures="0">
  <properties>
[...]
</properties>
  <testcase name="contextLoads" classname="com.RentaKar.rentakar.RentakarApplicationTests" time="0.591">
    <system-out><![CDATA[11:37:28.096 [main] INFO org.springframework.test.context.support.AnnotationConfigContextLoaderUtils -- Could not detect default configuration classes for test class [com.RentaKar.rentakar.RentakarApplicationTests]: RentakarApplicationTests does not declare any static, non-private, non-final, nested classes annotated with @Configuration.
11:37:28.161 [main] INFO org.springframework.boot.test.context.SpringBootTestContextBootstrapper -- Found @SpringBootConfiguration com.RentaKar.rentakar.RentakarApplication for test class com.RentaKar.rentakar.RentakarApplicationTests

  .   ____          _            __ _ _
 /\\ / ___'_ __ _ _(_)_ __  __ _ \ \ \ \
( ( )\___ | '_ | '_| | '_ \/ _` | \ \ \ \
 \\/  ___)| |_)| | | | | || (_| |  ) ) ) )
  '  |____| .__|_| |_|_| |_\__, | / / / /
 =========|_|==============|___/=/_/_/_/

 :: Spring Boot ::                (v3.3.5)

2024-10-25T11:37:28.432+02:00  INFO 58467 --- [rentakar] [           main] c.R.rentakar.RentakarApplicationTests    : Starting RentakarApplicationTests using Java 18.0.2 with PID 58467 (started by rodolphe-delory in /home/rodolphe-delory/rentakar)
2024-10-25T11:37:28.433+02:00  INFO 58467 --- [rentakar] [           main] c.R.rentakar.RentakarApplicationTests    : No active profile set, falling back to 1 default profile: "default"
2024-10-25T11:37:29.289+02:00  INFO 58467 --- [rentakar] [           main] c.R.rentakar.RentakarApplicationTests    : Started RentakarApplicationTests in 1.031 seconds (process running for 1.663)
]]></system-out>
  </testcase>
</testsuite>